[2018-06-27 13:31:13] Aymone - START OF LOG SESSION: testthat.test_dir
INFO [2018-06-27 14:44:01]: loading BusRisk_Classifier model and necessary utilities...
INFO [2018-06-27 14:44:01]: Processing and preparing text input for BusRisk classification...
INFO [2018-06-27 14:44:01]: Your initial input has 1 document(s) containing6 words.
INFO [2018-06-27 14:44:01]: Initiating BusRisk_Classifier...
INFO [2018-06-27 14:44:01]: Your corpus now has 1 document(s) and 2 words. 1 tokens have been removed.
INFO [2018-06-27 14:44:01]: SUCCESS!BusRisk classification completed.
END OF LOG SESSION: testthat.test_dir
START OF LOG SESSION: testthat.test_dir
END OF LOG SESSION: testthat.test_dir
START OF LOG SESSION: testthat.test_dir
INFO [2018-06-27 14:44:02]: loading Cyberdocs_Classifier model and necessary utilities...
INFO [2018-06-27 14:44:02]: Processing and preparing text input for Cyberdocs classification...
INFO [2018-06-27 14:44:02]: Your initial input has 1 document(s) containing6 words.
INFO [2018-06-27 14:44:02]: Initiating Cyberdocs_Classifier...
INFO [2018-06-27 14:44:02]: Your corpus now has 1 document(s) and 6 words. 5 tokens have been removed.
INFO [2018-06-27 14:44:02]: SUCCESS!Cyberdocs classification completed.
END OF LOG SESSION: testthat.test_dir
START OF LOG SESSION: testthat.test_dir
INFO [2018-06-27 14:44:02]: loading Feature_Classifier model and necessary utilities...
INFO [2018-06-27 14:44:02]: Processing and preparing text input for Feature classification...
INFO [2018-06-27 14:44:02]: Your initial input has 1 document(s) containing6 words.
INFO [2018-06-27 14:44:02]: Initiating Feature_Classifier...
INFO [2018-06-27 14:44:02]: Your corpus now has 1 document(s) and 2 words. 1 tokens have been removed.
INFO [2018-06-27 14:44:02]: SUCCESS!Feature classification completed.
END OF LOG SESSION: testthat.test_dir
START OF LOG SESSION: testthat.test_dir
INFO [2018-06-27 14:44:02]: loading Industry_Classifier model and necessary utilities...
INFO [2018-06-27 14:44:02]: Processing and preparing text input for Industry classification...
INFO [2018-06-27 14:44:02]: Your initial input has 1 document(s) containing6 words.
INFO [2018-06-27 14:44:02]: Initiating Industry_Classifier...
INFO [2018-06-27 14:44:02]: Your corpus now has 1 document(s) and 5 words. 0 tokens have been removed.
INFO [2018-06-27 14:44:02]: SUCCESS!Industry classification completed.
END OF LOG SESSION: testthat.test_dir
START OF LOG SESSION: testthat.test_dir
INFO [2018-06-27 14:44:03]: loading RiskFactors_Classifier model and necessary utilities...
INFO [2018-06-27 14:44:03]: Processing and preparing text input for RiskFactors classification...
INFO [2018-06-27 14:44:03]: Initiating RiskFactors_Classifier...
INFO [2018-06-27 14:44:03]: Your corpus now has 1 document(s) and 2 words. 0 tokens have been removed.
INFO [2018-06-27 14:44:03]: SUCCESS!RiskFactors classification completed.
END OF LOG SESSION: testthat.test_dir
START OF LOG SESSION: testthat.test_dir
START OF LOG SESSION: testthat.test_dir
INFO [2018-06-27 14:44:03]: loading Feature_Classifier model and necessary utilities...
INFO [2018-06-27 14:44:03]: Processing and preparing text input for Feature classification...
INFO [2018-06-27 14:44:03]: Your initial input has 1 document(s) containing10 words.
INFO [2018-06-27 14:44:03]: Initiating Feature_Classifier...
INFO [2018-06-27 14:44:03]: Your corpus now has 1 document(s) and 5 words. 4 tokens have been removed.
INFO [2018-06-27 14:44:03]: SUCCESS!Feature classification completed.
END OF LOG SESSION: testthat.test_dir
START OF LOG SESSION: testthat.test_dir
INFO [2018-06-27 14:44:03]: loading Industry_Classifier model and necessary utilities...
INFO [2018-06-27 14:44:04]: Processing and preparing text input for Industry classification...
INFO [2018-06-27 14:44:04]: Your initial input has 1 document(s) containing10 words.
INFO [2018-06-27 14:44:04]: Initiating Industry_Classifier...
INFO [2018-06-27 14:44:04]: Your corpus now has 1 document(s) and 9 words. 2 tokens have been removed.
INFO [2018-06-27 14:44:04]: SUCCESS!Industry classification completed.
END OF LOG SESSION: testthat.test_dir
END OF LOG SESSION: testthat.test_dir
START OF LOG SESSION: testthat.test_dir
INFO [2018-06-27 14:44:04]: loading BusRisk_Classifier model and necessary utilities...
INFO [2018-06-27 14:44:04]: Processing and preparing text input for BusRisk classification...
INFO [2018-06-27 14:44:04]: Your initial input has 1 document(s) containing10 words.
INFO [2018-06-27 14:44:04]: Initiating BusRisk_Classifier...
INFO [2018-06-27 14:44:04]: Your corpus now has 1 document(s) and 5 words. 2 tokens have been removed.
INFO [2018-06-27 14:44:04]: SUCCESS!BusRisk classification completed.
END OF LOG SESSION: testthat.test_dir
START OF LOG SESSION: testthat.test_dir
INFO [2018-06-27 14:44:04]: loading Cyberdocs_Classifier model and necessary utilities...
INFO [2018-06-27 14:44:04]: Processing and preparing text input for Cyberdocs classification...
INFO [2018-06-27 14:44:04]: Your initial input has 1 document(s) containing10 words.
INFO [2018-06-27 14:44:04]: Initiating Cyberdocs_Classifier...
INFO [2018-06-27 14:44:04]: Your corpus now has 1 document(s) and 10 words. 10 tokens have been removed.
INFO [2018-06-27 14:44:04]: SUCCESS!Cyberdocs classification completed.
END OF LOG SESSION: testthat.test_dir
START OF LOG SESSION: testthat.test_dir
INFO [2018-06-27 14:44:04]: loading RiskFactors_Classifier model and necessary utilities...
INFO [2018-06-27 14:44:04]: Processing and preparing text input for RiskFactors classification...
INFO [2018-06-27 14:44:04]: Initiating RiskFactors_Classifier...
INFO [2018-06-27 14:44:05]: Your corpus now has 1 document(s) and 5 words. 2 tokens have been removed.
INFO [2018-06-27 14:44:05]: SUCCESS!RiskFactors classification completed.
END OF LOG SESSION: testthat.test_dir
